\BOOKMARK [0][-]{Doc-Start}{\376\377\000D\000e\000d\000i\000c\000a\000t\000i\000o\000n\000\040\000/\000\040\006\045\006\107\006\057\006\047\006\041}{}% 1
\BOOKMARK [0][-]{Doc-Start}{\376\377\000A\000c\000k\000n\000o\000w\000l\000e\000d\000g\000e\000m\000e\000n\000t\000\040\000/\000\040\006\064\006\103\006\061\000\040\006\110\006\052\006\102\006\057\006\112\006\061}{}% 2
\BOOKMARK [0][-]{section*.1}{\376\377\000A\000b\000s\000t\000r\000a\000c\000t}{}% 3
\BOOKMARK [0][-]{section*.2}{\376\377\006\047\006\104\006\056\006\104\006\047\006\065\006\051}{}% 4
\BOOKMARK [0][-]{chapter.1}{\376\377\000C\000h\000a\000p\000t\000e\000r\000\040\0001\000:\000\040\000I\000n\000t\000r\000o\000d\000u\000c\000t\000i\000o\000n}{}% 5
\BOOKMARK [1][-]{section.1.1}{\376\377\000O\000v\000e\000r\000v\000i\000e\000w}{chapter.1}% 6
\BOOKMARK [1][-]{section.1.2}{\376\377\000I\000d\000e\000a\000\040\000o\000f\000\040\000t\000h\000e\000\040\000P\000r\000o\000j\000e\000c\000t}{chapter.1}% 7
\BOOKMARK [1][-]{section.1.3}{\376\377\000I\000m\000p\000o\000r\000t\000a\000n\000c\000e}{chapter.1}% 8
\BOOKMARK [1][-]{section.1.4}{\376\377\000G\000o\000a\000l\000s\000\040\000o\000f\000\040\000t\000h\000e\000\040\000P\000r\000o\000j\000e\000c\000t}{chapter.1}% 9
\BOOKMARK [1][-]{section.1.5}{\376\377\000S\000c\000o\000p\000e\000\040\000a\000n\000d\000\040\000L\000i\000m\000i\000t\000a\000t\000i\000o\000n\000s}{chapter.1}% 10
\BOOKMARK [1][-]{section.1.6}{\376\377\000B\000a\000c\000k\000g\000r\000o\000u\000n\000d}{chapter.1}% 11
\BOOKMARK [2][-]{subsection.1.6.1}{\376\377\000A\000r\000t\000i\000f\000i\000c\000i\000a\000l\000\040\000I\000n\000t\000e\000l\000l\000i\000g\000e\000n\000c\000e\000\040\000\050\000A\000I\000\051}{section.1.6}% 12
\BOOKMARK [2][-]{subsection.1.6.2}{\376\377\000M\000a\000c\000h\000i\000n\000e\000\040\000L\000e\000a\000r\000n\000i\000n\000g\000\040\000\050\000M\000L\000\051}{section.1.6}% 13
\BOOKMARK [2][-]{subsection.1.6.3}{\376\377\000R\000e\000g\000r\000e\000s\000s\000i\000o\000n\000\040\000i\000n\000\040\000M\000a\000c\000h\000i\000n\000e\000\040\000L\000e\000a\000r\000n\000i\000n\000g}{section.1.6}% 14
\BOOKMARK [2][-]{subsection.1.6.4}{\376\377\000R\000e\000g\000r\000e\000s\000s\000i\000o\000n\000\040\000T\000r\000e\000e}{section.1.6}% 15
\BOOKMARK [2][-]{subsection.1.6.5}{\376\377\000O\000v\000e\000r\000f\000i\000t\000t\000i\000n\000g\000\040\000a\000n\000d\000\040\000P\000r\000u\000n\000i\000n\000g}{section.1.6}% 16
\BOOKMARK [2][-]{subsection.1.6.6}{\376\377\000R\000e\000a\000s\000o\000n\000\040\000f\000o\000r\000\040\000C\000h\000o\000o\000s\000i\000n\000g\000\040\000R\000e\000g\000r\000e\000s\000s\000i\000o\000n\000\040\000T\000r\000e\000e}{section.1.6}% 17
\BOOKMARK [1][-]{section.1.7}{\376\377\000M\000a\000t\000h\000e\000m\000a\000t\000i\000c\000a\000l\000\040\000B\000a\000c\000k\000g\000r\000o\000u\000n\000d}{chapter.1}% 18
\BOOKMARK [2][-]{subsection.1.7.1}{\376\377\000S\000u\000m\000\040\000o\000f\000\040\000S\000q\000u\000a\000r\000e\000d\000\040\000R\000e\000s\000i\000d\000u\000a\000l\000s\000\040\000\050\000S\000S\000R\000\051}{section.1.7}% 19
\BOOKMARK [2][-]{subsection.1.7.2}{\376\377\000B\000e\000s\000t\000\040\000S\000p\000l\000i\000t\000\040\000C\000r\000i\000t\000e\000r\000i\000o\000n}{section.1.7}% 20
\BOOKMARK [2][-]{subsection.1.7.3}{\376\377\000L\000e\000a\000f\000\040\000N\000o\000d\000e\000\040\000P\000r\000e\000d\000i\000c\000t\000i\000o\000n}{section.1.7}% 21
\BOOKMARK [2][-]{subsection.1.7.4}{\376\377\000M\000o\000d\000e\000l\000\040\000C\000o\000m\000p\000l\000e\000x\000i\000t\000y\000\040\000C\000o\000n\000t\000r\000o\000l\000\040\000\050\000C\000o\000s\000t\000\040\000C\000o\000m\000p\000l\000e\000x\000i\000t\000y\000\040\000P\000r\000u\000n\000i\000n\000g\000\051}{section.1.7}% 22
\BOOKMARK [2][-]{subsection.1.7.5}{\376\377\000S\000u\000m\000m\000a\000r\000y}{section.1.7}% 23
\BOOKMARK [1][-]{section.1.8}{\376\377\000A\000l\000t\000e\000r\000n\000a\000t\000i\000v\000e\000s}{chapter.1}% 24
\BOOKMARK [1][-]{section.1.9}{\376\377\000C\000h\000o\000s\000e\000n\000\040\000A\000l\000g\000o\000r\000i\000t\000h\000m\000\040\000f\000o\000r\000\040\000t\000h\000e\000\040\000M\000o\000d\000e\000l}{chapter.1}% 25
\BOOKMARK [2][-]{subsection.1.9.1}{\376\377\000P\000r\000a\000c\000t\000i\000c\000a\000l\000\040\000B\000e\000h\000a\000v\000i\000o\000r\000\040\000o\000f\000\040\000D\000e\000c\000i\000s\000i\000o\000n\000\040\000T\000r\000e\000e\000\040\000R\000e\000g\000r\000e\000s\000s\000i\000o\000n\000\040\000i\000n\000\040\000T\000h\000i\000s\000\040\000P\000r\000o\000j\000e\000c\000t}{section.1.9}% 26
\BOOKMARK [0][-]{chapter.2}{\376\377\000C\000h\000a\000p\000t\000e\000r\000\040\0002\000:\000\040\000R\000e\000q\000u\000i\000r\000e\000m\000e\000n\000t\000\040\000S\000p\000e\000c\000i\000f\000i\000c\000a\000t\000i\000o\000n\000s}{}% 27
\BOOKMARK [1][-]{section.2.1}{\376\377\000O\000v\000e\000r\000v\000i\000e\000w}{chapter.2}% 28
\BOOKMARK [1][-]{section.2.2}{\376\377\000A\000c\000t\000o\000r\000s}{chapter.2}% 29
\BOOKMARK [1][-]{section.2.3}{\376\377\000C\000o\000n\000t\000e\000x\000t\000\040\000D\000i\000a\000g\000r\000a\000m}{chapter.2}% 30
\BOOKMARK [1][-]{section.2.4}{\376\377\000F\000u\000n\000c\000t\000i\000o\000n\000a\000l\000\040\000R\000e\000q\000u\000i\000r\000e\000m\000e\000n\000t\000s}{chapter.2}% 31
\BOOKMARK [2][-]{subsection.2.4.1}{\376\377\000L\000a\000n\000d\000\040\000A\000p\000p\000r\000a\000i\000s\000e\000r\000'\000s\000\040\000S\000i\000d\000e}{section.2.4}% 32
\BOOKMARK [2][-]{subsection.2.4.2}{\376\377\000A\000d\000m\000i\000n\000'\000s\000\040\000S\000i\000d\000e}{section.2.4}% 33
\BOOKMARK [2][-]{subsection.2.4.3}{\376\377\000D\000a\000t\000a\000\040\000S\000c\000i\000e\000n\000t\000i\000s\000t\000'\000s\000\040\000S\000i\000d\000e}{section.2.4}% 34
\BOOKMARK [1][-]{section.2.5}{\376\377\000N\000o\000n\000f\000u\000n\000c\000t\000i\000o\000n\000a\000l\000\040\000R\000e\000q\000u\000i\000r\000e\000m\000e\000n\000t\000s}{chapter.2}% 35
\BOOKMARK [1][-]{section.2.6}{\376\377\000U\000s\000e\000-\000C\000a\000s\000e\000\040\000D\000i\000a\000g\000r\000a\000m}{chapter.2}% 36
\BOOKMARK [1][-]{section.2.7}{\376\377\000A\000p\000p\000r\000a\000i\000s\000e\000r\040\031\000s\000\040\000F\000u\000n\000c\000t\000i\000o\000n\000a\000l\000\040\000R\000e\000q\000u\000i\000r\000e\000m\000e\000n\000t\000s\000\040\000T\000a\000b\000l\000e\000s}{chapter.2}% 37
\BOOKMARK [1][-]{section.2.8}{\376\377\000A\000d\000m\000i\000n\040\031\000s\000\040\000F\000u\000n\000c\000t\000i\000o\000n\000a\000l\000\040\000R\000e\000q\000u\000i\000r\000e\000m\000e\000n\000t\000s\000\040\000T\000a\000b\000l\000e\000s}{chapter.2}% 38
\BOOKMARK [1][-]{section.2.9}{\376\377\000D\000a\000t\000a\000\040\000S\000c\000i\000e\000n\000t\000i\000s\000t\040\031\000s\000\040\000F\000u\000n\000c\000t\000i\000o\000n\000a\000l\000\040\000R\000e\000q\000u\000i\000r\000e\000m\000e\000n\000t\000s\000\040\000T\000a\000b\000l\000e\000s}{chapter.2}% 39
\BOOKMARK [0][-]{chapter.3}{\376\377\000C\000h\000a\000p\000t\000e\000r\000\040\0003\000:\000\040\000A\000r\000c\000h\000i\000t\000e\000c\000t\000u\000r\000e\000\040\000a\000n\000d\000\040\000D\000e\000s\000i\000g\000n}{}% 40
\BOOKMARK [1][-]{section.3.1}{\376\377\000O\000v\000e\000r\000v\000i\000e\000w}{chapter.3}% 41
\BOOKMARK [1][-]{section.3.2}{\376\377\000C\000h\000o\000s\000e\000n\000\040\000A\000r\000c\000h\000i\000t\000e\000c\000t\000u\000r\000e\000\040\000D\000e\000s\000i\000g\000n}{chapter.3}% 42
\BOOKMARK [1][-]{section.3.3}{\376\377\000A\000r\000c\000h\000i\000t\000e\000c\000t\000u\000r\000e\000\040\000I\000m\000p\000l\000e\000m\000e\000n\000t\000a\000t\000i\000o\000n}{chapter.3}% 43
\BOOKMARK [2][-]{subsection.3.3.1}{\376\377\000E\000x\000a\000m\000p\000l\000e\000\040\000M\000o\000d\000e\000l\000s\000\040\000i\000n\000\040\000t\000h\000e\000\040\000S\000y\000s\000t\000e\000m}{section.3.3}% 44
\BOOKMARK [1][-]{section.3.4}{\376\377\000E\000R\000\040\000D\000i\000a\000g\000r\000a\000m}{chapter.3}% 45
\BOOKMARK [1][-]{section.3.5}{\376\377\000D\000a\000t\000a\000b\000a\000s\000e\000\040\000D\000e\000s\000c\000r\000i\000p\000t\000i\000o\000n}{chapter.3}% 46
\BOOKMARK [2][-]{subsection.3.5.1}{\376\377\000U\000s\000e\000r\000s}{section.3.5}% 47
\BOOKMARK [2][-]{subsection.3.5.2}{\376\377\000P\000r\000o\000j\000e\000c\000t\000s}{section.3.5}% 48
\BOOKMARK [2][-]{subsection.3.5.3}{\376\377\000P\000l\000o\000t\000s\000\040\000\050\000L\000a\000n\000d\000\040\000P\000a\000r\000c\000e\000l\000s\000\051}{section.3.5}% 49
\BOOKMARK [2][-]{subsection.3.5.4}{\376\377\000P\000l\000o\000t\000\137\000D\000o\000c\000u\000m\000e\000n\000t\000s}{section.3.5}% 50
\BOOKMARK [2][-]{subsection.3.5.5}{\376\377\000M\000o\000d\000e\000l\000s}{section.3.5}% 51
\BOOKMARK [2][-]{subsection.3.5.6}{\376\377\000V\000a\000l\000u\000a\000t\000i\000o\000n\000s}{section.3.5}% 52
\BOOKMARK [2][-]{subsection.3.5.7}{\376\377\000P\000r\000o\000j\000e\000c\000t\000\137\000P\000l\000o\000t\000s}{section.3.5}% 53
\BOOKMARK [2][-]{subsection.3.5.8}{\376\377\000P\000l\000o\000t\000\137\000F\000e\000e\000d\000b\000a\000c\000k}{section.3.5}% 54
\BOOKMARK [2][-]{subsection.3.5.9}{\376\377\000G\000o\000v\000e\000r\000n\000o\000r\000a\000t\000e\000s}{section.3.5}% 55
\BOOKMARK [2][-]{subsection.3.5.10}{\376\377\000T\000o\000w\000n\000s}{section.3.5}% 56
\BOOKMARK [2][-]{subsection.3.5.11}{\376\377\000N\000e\000i\000g\000h\000b\000o\000r\000h\000o\000o\000d\000s}{section.3.5}% 57
\BOOKMARK [2][-]{subsection.3.5.12}{\376\377\000A\000d\000m\000i\000n\000\137\000Z\000o\000n\000i\000n\000g}{section.3.5}% 58
\BOOKMARK [2][-]{subsection.3.5.13}{\376\377\000O\000w\000n\000e\000r\000s\000h\000i\000p\000\137\000D\000o\000c\000u\000m\000e\000n\000t\000\137\000T\000y\000p\000e}{section.3.5}% 59
\BOOKMARK [2][-]{subsection.3.5.14}{\376\377\000I\000s\000s\000u\000i\000n\000g\000\137\000A\000u\000t\000h\000o\000r\000i\000t\000y}{section.3.5}% 60
\BOOKMARK [2][-]{subsection.3.5.15}{\376\377\000S\000o\000i\000l\000\137\000T\000y\000p\000e}{section.3.5}% 61
\BOOKMARK [2][-]{subsection.3.5.16}{\376\377\000R\000o\000c\000k\000\137\000T\000y\000p\000e}{section.3.5}% 62
\BOOKMARK [2][-]{subsection.3.5.17}{\376\377\000C\000r\000o\000p\000\137\000T\000y\000p\000e}{section.3.5}% 63
\BOOKMARK [2][-]{subsection.3.5.18}{\376\377\000N\000u\000i\000s\000a\000n\000c\000e\000\137\000T\000y\000p\000e}{section.3.5}% 64
\BOOKMARK [2][-]{subsection.3.5.19}{\376\377\000R\000e\000s\000t\000r\000i\000c\000t\000i\000o\000n\000\137\000T\000y\000p\000e}{section.3.5}% 65
\BOOKMARK [2][-]{subsection.3.5.20}{\376\377\000P\000l\000o\000t\000\137\000C\000r\000o\000p\000s}{section.3.5}% 66
\BOOKMARK [2][-]{subsection.3.5.21}{\376\377\000P\000l\000o\000t\000\137\000N\000u\000i\000s\000a\000n\000c\000e\000s}{section.3.5}% 67
\BOOKMARK [2][-]{subsection.3.5.22}{\376\377\000P\000l\000o\000t\000\137\000R\000e\000s\000t\000r\000i\000c\000t\000i\000o\000n\000s}{section.3.5}% 68
\BOOKMARK [1][-]{section.3.6}{\376\377\000I\000n\000t\000e\000r\000f\000a\000c\000e\000s}{chapter.3}% 69
\BOOKMARK [0][-]{chapter*.60}{\376\377\000R\000e\000f\000e\000r\000e\000n\000c\000e\000s}{}% 70
